<?xml version="1.0" encoding="UTF-8"?>
<coverage generated="1545508974750" clover="3.2.0">
  <project timestamp="1545508974750" name="All files">
    <metrics statements="206" coveredstatements="115" conditionals="123" coveredconditionals="40" methods="45" coveredmethods="20" elements="374" coveredelements="175" complexity="0" loc="206" ncloc="206" packages="3" files="4" classes="4">
      <package name="react-smart-form">
        <metrics statements="12" coveredstatements="11" conditionals="0" coveredconditionals="0" methods="2" coveredmethods="1"/>
        <file name="jestSetup.js" path="/Users/ssbeefeater/projects/react-smart-form/jestSetup.js">
          <metrics statements="12" coveredstatements="11" conditionals="0" coveredconditionals="0" methods="2" coveredmethods="1"/>
          <line num="1" count="1" type="stmt"/>
          <line num="2" count="1" type="stmt"/>
          <line num="3" count="1" type="stmt"/>
          <line num="5" count="1" type="stmt"/>
          <line num="8" count="1" type="stmt"/>
          <line num="9" count="1" type="stmt"/>
          <line num="10" count="1" type="stmt"/>
          <line num="11" count="0" type="stmt"/>
          <line num="13" count="1" type="stmt"/>
          <line num="14" count="1" type="stmt"/>
          <line num="15" count="1" type="stmt"/>
          <line num="16" count="1" type="stmt"/>
        </file>
      </package>
      <package name="react-smart-form.src">
        <metrics statements="2" coveredstatements="2" conditionals="0" coveredconditionals="0" methods="0" coveredmethods="0"/>
        <file name="index.ts" path="/Users/ssbeefeater/projects/react-smart-form/src/index.ts">
          <metrics statements="2" coveredstatements="2" conditionals="0" coveredconditionals="0" methods="0" coveredmethods="0"/>
          <line num="1" count="1" type="stmt"/>
          <line num="2" count="1" type="stmt"/>
        </file>
      </package>
      <package name="react-smart-form.src.lib">
        <metrics statements="192" coveredstatements="102" conditionals="123" coveredconditionals="40" methods="43" coveredmethods="19"/>
        <file name="FormProvider.tsx" path="/Users/ssbeefeater/projects/react-smart-form/src/lib/FormProvider.tsx">
          <metrics statements="159" coveredstatements="78" conditionals="108" coveredconditionals="34" methods="33" coveredmethods="13"/>
          <line num="1" count="1" type="stmt"/>
          <line num="2" count="1" type="stmt"/>
          <line num="4" count="1" type="stmt"/>
          <line num="6" count="1" type="stmt"/>
          <line num="11" count="1" type="stmt"/>
          <line num="12" count="0" type="stmt"/>
          <line num="13" count="0" type="stmt"/>
          <line num="14" count="0" type="cond" truecount="0" falsecount="5"/>
          <line num="15" count="0" type="stmt"/>
          <line num="17" count="0" type="stmt"/>
          <line num="62" count="1" type="stmt"/>
          <line num="63" count="5" type="stmt"/>
          <line num="64" count="5" type="stmt"/>
          <line num="65" count="3" type="cond" truecount="1" falsecount="1"/>
          <line num="66" count="3" type="stmt"/>
          <line num="70" count="2" type="stmt"/>
          <line num="72" count="1" type="stmt"/>
          <line num="75" count="1" type="cond" truecount="2" falsecount="0"/>
          <line num="76" count="1" type="stmt"/>
          <line num="81" count="1" type="stmt"/>
          <line num="82" count="5" type="cond" truecount="2" falsecount="0"/>
          <line num="83" count="4" type="stmt"/>
          <line num="84" count="5" type="stmt"/>
          <line num="85" count="5" type="stmt"/>
          <line num="86" count="5" type="cond" truecount="2" falsecount="0"/>
          <line num="87" count="3" type="stmt"/>
          <line num="88" count="3" type="stmt"/>
          <line num="89" count="5" type="cond" truecount="1" falsecount="1"/>
          <line num="90" count="0" type="stmt"/>
          <line num="91" count="0" type="stmt"/>
          <line num="93" count="5" type="stmt"/>
          <line num="97" count="2" type="cond" truecount="2" falsecount="0"/>
          <line num="98" count="1" type="stmt"/>
          <line num="99" count="1" type="stmt"/>
          <line num="101" count="1" type="stmt"/>
          <line num="104" count="5" type="stmt"/>
          <line num="107" count="1" type="stmt"/>
          <line num="110" count="1" type="cond" truecount="3" falsecount="0"/>
          <line num="112" count="1" type="stmt"/>
          <line num="117" count="1" type="stmt"/>
          <line num="119" count="1" type="cond" truecount="1" falsecount="1"/>
          <line num="122" count="1" type="cond" truecount="2" falsecount="1"/>
          <line num="123" count="1" type="cond" truecount="1" falsecount="1"/>
          <line num="124" count="0" type="stmt"/>
          <line num="126" count="1" type="stmt"/>
          <line num="128" count="0" type="cond" truecount="0" falsecount="2"/>
          <line num="129" count="0" type="cond" truecount="0" falsecount="2"/>
          <line num="133" count="1" type="stmt"/>
          <line num="135" count="1" type="stmt"/>
          <line num="137" count="1" type="cond" truecount="3" falsecount="1"/>
          <line num="138" count="0" type="stmt"/>
          <line num="139" count="0" type="stmt"/>
          <line num="140" count="0" type="stmt"/>
          <line num="142" count="1" type="cond" truecount="1" falsecount="1"/>
          <line num="143" count="1" type="stmt"/>
          <line num="145" count="0" type="stmt"/>
          <line num="146" count="0" type="stmt"/>
          <line num="147" count="0" type="cond" truecount="0" falsecount="2"/>
          <line num="148" count="0" type="stmt"/>
          <line num="149" count="0" type="stmt"/>
          <line num="151" count="0" type="cond" truecount="0" falsecount="2"/>
          <line num="152" count="0" type="cond" truecount="0" falsecount="3"/>
          <line num="154" count="0" type="stmt"/>
          <line num="157" count="1" type="stmt"/>
          <line num="163" count="1" type="stmt"/>
          <line num="164" count="0" type="stmt"/>
          <line num="165" count="0" type="cond" truecount="0" falsecount="2"/>
          <line num="166" count="0" type="cond" truecount="0" falsecount="2"/>
          <line num="167" count="0" type="stmt"/>
          <line num="169" count="0" type="stmt"/>
          <line num="170" count="0" type="cond" truecount="0" falsecount="2"/>
          <line num="171" count="0" type="stmt"/>
          <line num="172" count="0" type="cond" truecount="0" falsecount="2"/>
          <line num="173" count="0" type="cond" truecount="0" falsecount="2"/>
          <line num="174" count="0" type="stmt"/>
          <line num="176" count="0" type="stmt"/>
          <line num="178" count="0" type="stmt"/>
          <line num="182" count="1" type="stmt"/>
          <line num="183" count="0" type="cond" truecount="0" falsecount="4"/>
          <line num="184" count="0" type="stmt"/>
          <line num="186" count="0" type="stmt"/>
          <line num="187" count="0" type="stmt"/>
          <line num="191" count="1" type="cond" truecount="0" falsecount="2"/>
          <line num="192" count="0" type="stmt"/>
          <line num="193" count="0" type="stmt"/>
          <line num="194" count="0" type="stmt"/>
          <line num="195" count="0" type="stmt"/>
          <line num="197" count="0" type="stmt"/>
          <line num="199" count="0" type="cond" truecount="0" falsecount="2"/>
          <line num="200" count="0" type="stmt"/>
          <line num="205" count="1" type="stmt"/>
          <line num="206" count="0" type="cond" truecount="0" falsecount="2"/>
          <line num="207" count="0" type="stmt"/>
          <line num="208" count="0" type="stmt"/>
          <line num="211" count="1" type="stmt"/>
          <line num="213" count="1" type="stmt"/>
          <line num="215" count="1" type="cond" truecount="1" falsecount="1"/>
          <line num="216" count="0" type="stmt"/>
          <line num="219" count="1" type="cond" truecount="0" falsecount="3"/>
          <line num="220" count="1" type="stmt"/>
          <line num="221" count="3" type="cond" truecount="1" falsecount="1"/>
          <line num="223" count="3" type="cond" truecount="3" falsecount="1"/>
          <line num="225" count="1" type="stmt"/>
          <line num="226" count="0" type="cond" truecount="0" falsecount="2"/>
          <line num="227" count="0" type="stmt"/>
          <line num="228" count="0" type="stmt"/>
          <line num="231" count="0" type="cond" truecount="0" falsecount="4"/>
          <line num="232" count="0" type="cond" truecount="0" falsecount="2"/>
          <line num="233" count="0" type="stmt"/>
          <line num="237" count="0" type="cond" truecount="0" falsecount="2"/>
          <line num="238" count="0" type="stmt"/>
          <line num="241" count="0" type="stmt"/>
          <line num="242" count="0" type="stmt"/>
          <line num="251" count="1" type="stmt"/>
          <line num="252" count="0" type="cond" truecount="0" falsecount="2"/>
          <line num="253" count="0" type="stmt"/>
          <line num="256" count="0" type="cond" truecount="0" falsecount="2"/>
          <line num="257" count="0" type="stmt"/>
          <line num="258" count="0" type="cond" truecount="0" falsecount="2"/>
          <line num="259" count="0" type="stmt"/>
          <line num="260" count="0" type="stmt"/>
          <line num="261" count="0" type="stmt"/>
          <line num="263" count="0" type="cond" truecount="0" falsecount="2"/>
          <line num="264" count="0" type="stmt"/>
          <line num="266" count="0" type="stmt"/>
          <line num="267" count="0" type="cond" truecount="0" falsecount="2"/>
          <line num="268" count="0" type="stmt"/>
          <line num="272" count="1" type="stmt"/>
          <line num="273" count="0" type="stmt"/>
          <line num="274" count="0" type="stmt"/>
          <line num="275" count="0" type="cond" truecount="0" falsecount="2"/>
          <line num="276" count="0" type="cond" truecount="0" falsecount="2"/>
          <line num="277" count="0" type="stmt"/>
          <line num="278" count="0" type="stmt"/>
          <line num="283" count="0" type="stmt"/>
          <line num="284" count="0" type="stmt"/>
          <line num="285" count="0" type="stmt"/>
          <line num="288" count="0" type="stmt"/>
          <line num="291" count="1" type="stmt"/>
          <line num="292" count="1" type="stmt"/>
          <line num="293" count="1" type="stmt"/>
          <line num="294" count="1" type="stmt"/>
          <line num="297" count="1" type="stmt"/>
          <line num="312" count="1" type="stmt"/>
          <line num="313" count="1" type="stmt"/>
          <line num="314" count="1" type="stmt"/>
          <line num="315" count="1" type="stmt"/>
          <line num="316" count="1" type="stmt"/>
          <line num="317" count="1" type="stmt"/>
          <line num="318" count="1" type="stmt"/>
          <line num="319" count="1" type="stmt"/>
          <line num="320" count="1" type="stmt"/>
          <line num="321" count="1" type="stmt"/>
          <line num="322" count="1" type="stmt"/>
          <line num="323" count="1" type="stmt"/>
          <line num="324" count="1" type="stmt"/>
          <line num="326" count="1" type="stmt"/>
          <line num="334" count="1" type="stmt"/>
          <line num="336" count="1" type="stmt"/>
        </file>
        <file name="withFormState.tsx" path="/Users/ssbeefeater/projects/react-smart-form/src/lib/withFormState.tsx">
          <metrics statements="33" coveredstatements="24" conditionals="15" coveredconditionals="6" methods="10" coveredmethods="6"/>
          <line num="1" count="1" type="stmt"/>
          <line num="2" count="1" type="stmt"/>
          <line num="5" count="3" type="cond" truecount="3" falsecount="0"/>
          <line num="6" count="3" type="stmt"/>
          <line num="11" count="1" type="stmt"/>
          <line num="12" count="0" type="cond" truecount="0" falsecount="2"/>
          <line num="15" count="1" type="stmt"/>
          <line num="16" count="3" type="cond" truecount="2" falsecount="0"/>
          <line num="17" count="3" type="stmt"/>
          <line num="18" count="3" type="stmt"/>
          <line num="23" count="3" type="stmt"/>
          <line num="24" count="0" type="stmt"/>
          <line num="25" count="0" type="stmt"/>
          <line num="26" count="0" type="stmt"/>
          <line num="27" count="0" type="stmt"/>
          <line num="30" count="0" type="cond" truecount="0" falsecount="4"/>
          <line num="32" count="0" type="stmt"/>
          <line num="33" count="0" type="cond" truecount="0" falsecount="2"/>
          <line num="34" count="0" type="stmt"/>
          <line num="37" count="1" type="stmt"/>
          <line num="39" count="3" type="stmt"/>
          <line num="40" count="6" type="cond" truecount="1" falsecount="1"/>
          <line num="41" count="3" type="stmt"/>
          <line num="42" count="3" type="stmt"/>
          <line num="43" count="3" type="stmt"/>
          <line num="46" count="3" type="stmt"/>
          <line num="51" count="3" type="stmt"/>
          <line num="55" count="1" type="stmt"/>
          <line num="59" count="1" type="stmt"/>
          <line num="60" count="3" type="stmt"/>
          <line num="63" count="3" type="stmt"/>
          <line num="68" count="1" type="stmt"/>
          <line num="70" count="1" type="stmt"/>
        </file>
      </package>
    </metrics>
  </project>
</coverage>
