{"/Users/ssbeefeater/projects/react-smart-form/jestSetup.js": {"path":"/Users/ssbeefeater/projects/react-smart-form/jestSetup.js","statementMap":{"0":{"start":{"line":1,"column":0},"end":{"line":1,"column":24}},"1":{"start":{"line":2,"column":13},"end":{"line":2,"column":30}},"2":{"start":{"line":3,"column":14},"end":{"line":3,"column":48}},"3":{"start":{"line":5,"column":0},"end":{"line":5,"column":45}},"4":{"start":{"line":8,"column":0},"end":{"line":8,"column":23}},"5":{"start":{"line":9,"column":0},"end":{"line":9,"column":36}},"6":{"start":{"line":10,"column":0},"end":{"line":12,"column":2}},"7":{"start":{"line":11,"column":4},"end":{"line":11,"column":70}},"8":{"start":{"line":13,"column":0},"end":{"line":13,"column":32}},"9":{"start":{"line":14,"column":0},"end":{"line":14,"column":30}},"10":{"start":{"line":15,"column":0},"end":{"line":15,"column":28}},"11":{"start":{"line":16,"column":0},"end":{"line":16,"column":32}}},"fnMap":{"0":{"name":"(anonymous_0)","decl":{"start":{"line":9,"column":26},"end":{"line":9,"column":27}},"loc":{"start":{"line":9,"column":32},"end":{"line":9,"column":35}},"line":9},"1":{"name":"(anonymous_1)","decl":{"start":{"line":10,"column":31},"end":{"line":10,"column":32}},"loc":{"start":{"line":10,"column":37},"end":{"line":12,"column":1}},"line":10}},"branchMap":{},"s":{"0":1,"1":1,"2":1,"3":1,"4":1,"5":1,"6":1,"7":0,"8":1,"9":1,"10":1,"11":1},"f":{"0":36,"1":0},"b":{},"_coverageSchema":"332fd63041d2c1bcb487cc26dd0d5f7d97098a6c","hash":"a5bec28512109b44b55306ba98e4ba3c45649a79"}
,"/Users/ssbeefeater/projects/react-smart-form/src/index.ts": {"path":"/Users/ssbeefeater/projects/react-smart-form/src/index.ts","statementMap":{"0":{"start":{"line":1,"column":0},"end":{"line":1,"column":36}},"1":{"start":{"line":2,"column":0},"end":{"line":2,"column":35}}},"fnMap":{},"branchMap":{},"s":{"0":1,"1":1},"f":{},"b":{}}
,"/Users/ssbeefeater/projects/react-smart-form/src/lib/FormProvider.tsx": {"path":"/Users/ssbeefeater/projects/react-smart-form/src/lib/FormProvider.tsx","statementMap":{"0":{"start":{"line":1,"column":0},"end":{"line":1,"column":30}},"1":{"start":{"line":2,"column":0},"end":{"line":2,"column":42}},"2":{"start":{"line":4,"column":0},"end":{"line":4,"column":46}},"3":{"start":{"line":6,"column":13},"end":{"line":6,"column":51}},"4":{"start":{"line":11,"column":25},"end":{"line":19,"column":1}},"5":{"start":{"line":12,"column":4},"end":{"line":18,"column":11}},"6":{"start":{"line":13,"column":29},"end":{"line":13,"column":37}},"7":{"start":{"line":14,"column":8},"end":{"line":16,"column":9}},"8":{"start":{"line":15,"column":12},"end":{"line":15,"column":38}},"9":{"start":{"line":17,"column":8},"end":{"line":17,"column":21}},"10":{"start":{"line":62,"column":26},"end":{"line":71,"column":1}},"11":{"start":{"line":63,"column":4},"end":{"line":69,"column":5}},"12":{"start":{"line":64,"column":19},"end":{"line":64,"column":35}},"13":{"start":{"line":65,"column":8},"end":{"line":67,"column":9}},"14":{"start":{"line":66,"column":12},"end":{"line":66,"column":22}},"15":{"start":{"line":70,"column":4},"end":{"line":70,"column":15}},"16":{"start":{"line":72,"column":0},"end":{"line":72,"column":59}},"17":{"start":{"line":72,"column":40},"end":{"line":72,"column":79}},"18":{"start":{"line":75,"column":8},"end":{"line":75,"column":20}},"19":{"start":{"line":110,"column":4},"end":{"line":110,"column":72}},"20":{"start":{"line":112,"column":4},"end":{"line":115,"column":6}},"21":{"start":{"line":117,"column":4},"end":{"line":131,"column":5}},"22":{"start":{"line":119,"column":12},"end":{"line":119,"column":31}},"23":{"start":{"line":122,"column":26},"end":{"line":122,"column":66}},"24":{"start":{"line":123,"column":8},"end":{"line":125,"column":9}},"25":{"start":{"line":124,"column":12},"end":{"line":124,"column":25}},"26":{"start":{"line":126,"column":8},"end":{"line":130,"column":16}},"27":{"start":{"line":128,"column":30},"end":{"line":128,"column":59}},"28":{"start":{"line":129,"column":16},"end":{"line":129,"column":69}},"29":{"start":{"line":133,"column":12},"end":{"line":155,"column":5}},"30":{"start":{"line":135,"column":12},"end":{"line":135,"column":22}},"31":{"start":{"line":137,"column":8},"end":{"line":144,"column":9}},"32":{"start":{"line":138,"column":12},"end":{"line":141,"column":19}},"33":{"start":{"line":139,"column":16},"end":{"line":139,"column":34}},"34":{"start":{"line":140,"column":16},"end":{"line":140,"column":29}},"35":{"start":{"line":142,"column":15},"end":{"line":144,"column":9}},"36":{"start":{"line":143,"column":12},"end":{"line":143,"column":22}},"37":{"start":{"line":145,"column":26},"end":{"line":150,"column":14}},"38":{"start":{"line":146,"column":33},"end":{"line":146,"column":44}},"39":{"start":{"line":147,"column":37},"end":{"line":147,"column":85}},"40":{"start":{"line":148,"column":12},"end":{"line":148,"column":89}},"41":{"start":{"line":149,"column":12},"end":{"line":149,"column":25}},"42":{"start":{"line":151,"column":8},"end":{"line":153,"column":9}},"43":{"start":{"line":152,"column":12},"end":{"line":152,"column":141}},"44":{"start":{"line":154,"column":8},"end":{"line":154,"column":25}},"45":{"start":{"line":157,"column":4},"end":{"line":162,"column":6}},"46":{"start":{"line":182,"column":4},"end":{"line":190,"column":5}},"47":{"start":{"line":183,"column":8},"end":{"line":185,"column":9}},"48":{"start":{"line":184,"column":12},"end":{"line":184,"column":19}},"49":{"start":{"line":186,"column":26},"end":{"line":186,"column":70}},"50":{"start":{"line":187,"column":8},"end":{"line":189,"column":11}},"51":{"start":{"line":191,"column":4},"end":{"line":203,"column":5}},"52":{"start":{"line":191,"column":17},"end":{"line":191,"column":31}},"53":{"start":{"line":192,"column":8},"end":{"line":192,"column":93}},"54":{"start":{"line":193,"column":24},"end":{"line":193,"column":106}},"55":{"start":{"line":193,"column":61},"end":{"line":193,"column":105}},"56":{"start":{"line":194,"column":8},"end":{"line":194,"column":117}},"57":{"start":{"line":195,"column":8},"end":{"line":202,"column":11}},"58":{"start":{"line":197,"column":16},"end":{"line":197,"column":24}},"59":{"start":{"line":199,"column":12},"end":{"line":201,"column":13}},"60":{"start":{"line":200,"column":16},"end":{"line":200,"column":59}},"61":{"start":{"line":219,"column":4},"end":{"line":219,"column":140}},"62":{"start":{"line":219,"column":22},"end":{"line":219,"column":139}},"63":{"start":{"line":220,"column":4},"end":{"line":222,"column":5}},"64":{"start":{"line":221,"column":8},"end":{"line":221,"column":87}},"65":{"start":{"line":223,"column":4},"end":{"line":223,"column":133}},"66":{"start":{"line":223,"column":49},"end":{"line":223,"column":132}},"67":{"start":{"line":225,"column":4},"end":{"line":249,"column":5}},"68":{"start":{"line":226,"column":8},"end":{"line":229,"column":9}},"69":{"start":{"line":227,"column":12},"end":{"line":227,"column":31}},"70":{"start":{"line":228,"column":12},"end":{"line":228,"column":32}},"71":{"start":{"line":231,"column":8},"end":{"line":248,"column":9}},"72":{"start":{"line":232,"column":12},"end":{"line":247,"column":13}},"73":{"start":{"line":233,"column":38},"end":{"line":236,"column":17}},"74":{"start":{"line":237,"column":16},"end":{"line":246,"column":17}},"75":{"start":{"line":238,"column":20},"end":{"line":240,"column":23}},"76":{"start":{"line":241,"column":20},"end":{"line":245,"column":54}},"77":{"start":{"line":242,"column":24},"end":{"line":244,"column":27}},"78":{"start":{"line":251,"column":4},"end":{"line":270,"column":5}},"79":{"start":{"line":252,"column":8},"end":{"line":254,"column":9}},"80":{"start":{"line":253,"column":12},"end":{"line":253,"column":19}},"81":{"start":{"line":256,"column":8},"end":{"line":265,"column":9}},"82":{"start":{"line":257,"column":12},"end":{"line":257,"column":35}},"83":{"start":{"line":258,"column":15},"end":{"line":265,"column":9}},"84":{"start":{"line":259,"column":12},"end":{"line":262,"column":19}},"85":{"start":{"line":260,"column":16},"end":{"line":260,"column":35}},"86":{"start":{"line":261,"column":16},"end":{"line":261,"column":29}},"87":{"start":{"line":263,"column":15},"end":{"line":265,"column":9}},"88":{"start":{"line":264,"column":12},"end":{"line":264,"column":27}},"89":{"start":{"line":266,"column":8},"end":{"line":266,"column":42}},"90":{"start":{"line":267,"column":8},"end":{"line":269,"column":9}},"91":{"start":{"line":268,"column":12},"end":{"line":268,"column":35}},"92":{"start":{"line":272,"column":4},"end":{"line":289,"column":5}},"93":{"start":{"line":273,"column":16},"end":{"line":273,"column":22}},"94":{"start":{"line":274,"column":25},"end":{"line":274,"column":51}},"95":{"start":{"line":275,"column":22},"end":{"line":275,"column":55}},"96":{"start":{"line":276,"column":8},"end":{"line":287,"column":9}},"97":{"start":{"line":277,"column":12},"end":{"line":281,"column":15}},"98":{"start":{"line":278,"column":16},"end":{"line":280,"column":19}},"99":{"start":{"line":283,"column":12},"end":{"line":286,"column":19}},"100":{"start":{"line":284,"column":16},"end":{"line":284,"column":32}},"101":{"start":{"line":285,"column":16},"end":{"line":285,"column":29}},"102":{"start":{"line":288,"column":8},"end":{"line":288,"column":40}},"103":{"start":{"line":291,"column":4},"end":{"line":311,"column":5}},"104":{"start":{"line":292,"column":14},"end":{"line":295,"column":22}},"105":{"start":{"line":293,"column":12},"end":{"line":293,"column":20}},"106":{"start":{"line":294,"column":12},"end":{"line":295,"column":22}},"107":{"start":{"line":297,"column":8},"end":{"line":310,"column":11}},"108":{"start":{"line":76,"column":8},"end":{"line":76,"column":65}},"109":{"start":{"line":205,"column":4},"end":{"line":210,"column":5}},"110":{"start":{"line":206,"column":8},"end":{"line":209,"column":9}},"111":{"start":{"line":207,"column":12},"end":{"line":207,"column":57}},"112":{"start":{"line":208,"column":12},"end":{"line":208,"column":47}},"113":{"start":{"line":211,"column":4},"end":{"line":218,"column":5}},"114":{"start":{"line":213,"column":12},"end":{"line":213,"column":19}},"115":{"start":{"line":215,"column":8},"end":{"line":217,"column":9}},"116":{"start":{"line":216,"column":12},"end":{"line":216,"column":41}},"117":{"start":{"line":312,"column":4},"end":{"line":333,"column":5}},"118":{"start":{"line":313,"column":14},"end":{"line":325,"column":22}},"119":{"start":{"line":314,"column":12},"end":{"line":314,"column":20}},"120":{"start":{"line":315,"column":12},"end":{"line":315,"column":20}},"121":{"start":{"line":316,"column":12},"end":{"line":316,"column":20}},"122":{"start":{"line":317,"column":12},"end":{"line":317,"column":22}},"123":{"start":{"line":318,"column":12},"end":{"line":318,"column":18}},"124":{"start":{"line":319,"column":12},"end":{"line":319,"column":22}},"125":{"start":{"line":320,"column":12},"end":{"line":320,"column":19}},"126":{"start":{"line":321,"column":12},"end":{"line":321,"column":20}},"127":{"start":{"line":322,"column":12},"end":{"line":322,"column":25}},"128":{"start":{"line":323,"column":12},"end":{"line":323,"column":19}},"129":{"start":{"line":324,"column":12},"end":{"line":325,"column":22}},"130":{"start":{"line":326,"column":8},"end":{"line":332,"column":10}},"131":{"start":{"line":81,"column":11},"end":{"line":108,"column":5}},"132":{"start":{"line":82,"column":8},"end":{"line":106,"column":9}},"133":{"start":{"line":83,"column":11},"end":{"line":105,"column":19}},"134":{"start":{"line":84,"column":39},"end":{"line":84,"column":54}},"135":{"start":{"line":85,"column":34},"end":{"line":85,"column":56}},"136":{"start":{"line":86,"column":16},"end":{"line":103,"column":17}},"137":{"start":{"line":87,"column":47},"end":{"line":87,"column":72}},"138":{"start":{"line":88,"column":20},"end":{"line":95,"column":23}},"139":{"start":{"line":89,"column":24},"end":{"line":94,"column":25}},"140":{"start":{"line":90,"column":44},"end":{"line":90,"column":67}},"141":{"start":{"line":91,"column":28},"end":{"line":91,"column":67}},"142":{"start":{"line":93,"column":28},"end":{"line":93,"column":53}},"143":{"start":{"line":97,"column":20},"end":{"line":102,"column":21}},"144":{"start":{"line":98,"column":40},"end":{"line":98,"column":61}},"145":{"start":{"line":99,"column":24},"end":{"line":99,"column":66}},"146":{"start":{"line":101,"column":24},"end":{"line":101,"column":52}},"147":{"start":{"line":104,"column":16},"end":{"line":104,"column":29}},"148":{"start":{"line":107,"column":8},"end":{"line":107,"column":18}},"149":{"start":{"line":163,"column":19},"end":{"line":179,"column":5}},"150":{"start":{"line":164,"column":45},"end":{"line":164,"column":50}},"151":{"start":{"line":165,"column":31},"end":{"line":165,"column":66}},"152":{"start":{"line":166,"column":8},"end":{"line":168,"column":9}},"153":{"start":{"line":167,"column":12},"end":{"line":167,"column":25}},"154":{"start":{"line":169,"column":8},"end":{"line":177,"column":11}},"155":{"start":{"line":170,"column":12},"end":{"line":170,"column":40}},"156":{"start":{"line":170,"column":28},"end":{"line":170,"column":40}},"157":{"start":{"line":171,"column":29},"end":{"line":171,"column":45}},"158":{"start":{"line":172,"column":12},"end":{"line":175,"column":13}},"159":{"start":{"line":173,"column":16},"end":{"line":173,"column":62}},"160":{"start":{"line":174,"column":16},"end":{"line":174,"column":29}},"161":{"start":{"line":176,"column":12},"end":{"line":176,"column":24}},"162":{"start":{"line":178,"column":8},"end":{"line":178,"column":28}},"163":{"start":{"line":334,"column":0},"end":{"line":334,"column":1}},"164":{"start":{"line":72,"column":13},"end":{"line":72,"column":17}},"165":{"start":{"line":336,"column":0},"end":{"line":336,"column":20}}},"fnMap":{"0":{"name":"(anonymous_9)","decl":{"start":{"line":11,"column":25},"end":{"line":11,"column":25}},"loc":{"start":{"line":11,"column":40},"end":{"line":19,"column":1}}},"1":{"name":"(anonymous_10)","decl":{"start":{"line":12,"column":35},"end":{"line":12,"column":35}},"loc":{"start":{"line":12,"column":59},"end":{"line":18,"column":5}}},"2":{"name":"(anonymous_11)","decl":{"start":{"line":62,"column":26},"end":{"line":62,"column":26}},"loc":{"start":{"line":62,"column":38},"end":{"line":71,"column":1}}},"3":{"name":"(anonymous_12)","decl":{"start":{"line":72,"column":0},"end":{"line":null,"column":-1}},"loc":{"start":{"line":72,"column":0},"end":{"line":72,"column":-1}}},"4":{"name":"Form","decl":{"start":{"line":74,"column":4},"end":{"line":74,"column":15}},"loc":{"start":{"line":74,"column":31},"end":{"line":77,"column":5}}},"5":{"name":"(anonymous_14)","decl":{"start":{"line":117,"column":15},"end":{"line":117,"column":15}},"loc":{"start":{"line":117,"column":34},"end":{"line":131,"column":5}}},"6":{"name":"(anonymous_15)","decl":{"start":{"line":127,"column":27},"end":{"line":127,"column":27}},"loc":{"start":{"line":127,"column":32},"end":{"line":130,"column":13}}},"7":{"name":"(anonymous_16)","decl":{"start":{"line":133,"column":23},"end":{"line":133,"column":23}},"loc":{"start":{"line":133,"column":59},"end":{"line":155,"column":5}}},"8":{"name":"(anonymous_17)","decl":{"start":{"line":138,"column":57},"end":{"line":138,"column":57}},"loc":{"start":{"line":138,"column":81},"end":{"line":141,"column":13}}},"9":{"name":"(anonymous_18)","decl":{"start":{"line":145,"column":53},"end":{"line":145,"column":53}},"loc":{"start":{"line":145,"column":80},"end":{"line":150,"column":9}}},"10":{"name":"(anonymous_19)","decl":{"start":{"line":182,"column":16},"end":{"line":182,"column":16}},"loc":{"start":{"line":182,"column":34},"end":{"line":190,"column":5}}},"11":{"name":"(anonymous_20)","decl":{"start":{"line":191,"column":16},"end":{"line":191,"column":16}},"loc":{"start":{"line":191,"column":31},"end":{"line":203,"column":5}}},"12":{"name":"(anonymous_21)","decl":{"start":{"line":193,"column":52},"end":{"line":193,"column":52}},"loc":{"start":{"line":193,"column":56},"end":{"line":193,"column":105}}},"13":{"name":"(anonymous_22)","decl":{"start":{"line":195,"column":33},"end":{"line":null,"column":-1}},"loc":{"start":{"line":195,"column":33},"end":{"line":202,"column":9}}},"14":{"name":"(anonymous_23)","decl":{"start":{"line":219,"column":16},"end":{"line":219,"column":21}},"loc":{"start":{"line":219,"column":16},"end":{"line":219,"column":139}}},"15":{"name":"(anonymous_24)","decl":{"start":{"line":220,"column":16},"end":{"line":220,"column":16}},"loc":{"start":{"line":220,"column":35},"end":{"line":222,"column":5}}},"16":{"name":"(anonymous_25)","decl":{"start":{"line":223,"column":16},"end":{"line":223,"column":16}},"loc":{"start":{"line":223,"column":35},"end":{"line":223,"column":132}}},"17":{"name":"(anonymous_26)","decl":{"start":{"line":225,"column":15},"end":{"line":225,"column":15}},"loc":{"start":{"line":225,"column":40},"end":{"line":249,"column":5}}},"18":{"name":"(anonymous_27)","decl":{"start":{"line":241,"column":39},"end":{"line":null,"column":-1}},"loc":{"start":{"line":241,"column":39},"end":{"line":245,"column":21}}},"19":{"name":"(anonymous_28)","decl":{"start":{"line":251,"column":25},"end":{"line":251,"column":25}},"loc":{"start":{"line":251,"column":47},"end":{"line":270,"column":5}}},"20":{"name":"(anonymous_29)","decl":{"start":{"line":259,"column":59},"end":{"line":259,"column":59}},"loc":{"start":{"line":259,"column":75},"end":{"line":262,"column":13}}},"21":{"name":"(anonymous_30)","decl":{"start":{"line":272,"column":12},"end":{"line":272,"column":12}},"loc":{"start":{"line":272,"column":41},"end":{"line":289,"column":5}}},"22":{"name":"(anonymous_31)","decl":{"start":{"line":277,"column":26},"end":{"line":277,"column":26}},"loc":{"start":{"line":277,"column":39},"end":{"line":281,"column":13}}},"23":{"name":"(anonymous_32)","decl":{"start":{"line":283,"column":57},"end":{"line":283,"column":57}},"loc":{"start":{"line":283,"column":73},"end":{"line":286,"column":13}}},"24":{"name":"(anonymous_33)","decl":{"start":{"line":291,"column":19},"end":{"line":null,"column":-1}},"loc":{"start":{"line":291,"column":19},"end":{"line":311,"column":5}}},"25":{"name":"(anonymous_34)","decl":{"start":{"line":205,"column":4},"end":{"line":205,"column":23}},"loc":{"start":{"line":205,"column":43},"end":{"line":210,"column":5}}},"26":{"name":"(anonymous_35)","decl":{"start":{"line":211,"column":4},"end":{"line":null,"column":-1}},"loc":{"start":{"line":211,"column":4},"end":{"line":218,"column":5}}},"27":{"name":"(anonymous_36)","decl":{"start":{"line":312,"column":4},"end":{"line":null,"column":-1}},"loc":{"start":{"line":312,"column":4},"end":{"line":333,"column":5}}},"28":{"name":"(anonymous_37)","decl":{"start":{"line":81,"column":29},"end":{"line":81,"column":29}},"loc":{"start":{"line":81,"column":45},"end":{"line":108,"column":5}}},"29":{"name":"(anonymous_38)","decl":{"start":{"line":83,"column":49},"end":{"line":83,"column":49}},"loc":{"start":{"line":83,"column":73},"end":{"line":105,"column":13}}},"30":{"name":"(anonymous_39)","decl":{"start":{"line":88,"column":47},"end":{"line":88,"column":47}},"loc":{"start":{"line":88,"column":61},"end":{"line":95,"column":21}}},"31":{"name":"(anonymous_40)","decl":{"start":{"line":163,"column":34},"end":{"line":163,"column":34}},"loc":{"start":{"line":163,"column":91},"end":{"line":179,"column":5}}},"32":{"name":"(anonymous_41)","decl":{"start":{"line":169,"column":29},"end":{"line":169,"column":29}},"loc":{"start":{"line":169,"column":39},"end":{"line":177,"column":9}}}},"branchMap":{"0":{"loc":{"start":{"line":14,"column":8},"end":{"line":16,"column":9}},"type":"if","locations":[{"start":{"line":14,"column":8},"end":{"line":16,"column":9}},{"start":{"line":14,"column":8},"end":{"line":16,"column":9}}]},"1":{"loc":{"start":{"line":14,"column":12},"end":{"line":14,"column":33}},"type":"binary-expr","locations":[{"start":{"line":14,"column":12},"end":{"line":14,"column":33}},{"start":{"line":14,"column":37},"end":{"line":14,"column":63}},{"start":{"line":14,"column":67},"end":{"line":14,"column":86}}]},"2":{"loc":{"start":{"line":65,"column":8},"end":{"line":67,"column":9}},"type":"if","locations":[{"start":{"line":65,"column":8},"end":{"line":67,"column":9}},{"start":{"line":65,"column":8},"end":{"line":67,"column":9}}]},"3":{"loc":{"start":{"line":75,"column":8},"end":{"line":75,"column":20}},"type":"binary-expr","locations":[{"start":{"line":75,"column":8},"end":{"line":75,"column":20}},{"start":{"line":75,"column":20},"end":{"line":77,"column":4}}]},"4":{"loc":{"start":{"line":110,"column":20},"end":{"line":110,"column":44}},"type":"binary-expr","locations":[{"start":{"line":110,"column":20},"end":{"line":110,"column":44}},{"start":{"line":110,"column":48},"end":{"line":110,"column":65}},{"start":{"line":110,"column":69},"end":{"line":110,"column":71}}]},"5":{"loc":{"start":{"line":113,"column":16},"end":{"line":113,"column":34}},"type":"binary-expr","locations":[{"start":{"line":113,"column":16},"end":{"line":113,"column":34}},{"start":{"line":113,"column":38},"end":{"line":113,"column":40}}]},"6":{"loc":{"start":{"line":119,"column":12},"end":{"line":119,"column":30}},"type":"binary-expr","locations":[{"start":{"line":119,"column":12},"end":{"line":119,"column":30}},{"start":{"line":119,"column":12},"end":{"line":119,"column":30}}]},"7":{"loc":{"start":{"line":122,"column":38},"end":{"line":122,"column":44}},"type":"binary-expr","locations":[{"start":{"line":122,"column":38},"end":{"line":122,"column":44}},{"start":{"line":122,"column":48},"end":{"line":122,"column":59}},{"start":{"line":122,"column":63},"end":{"line":122,"column":65}}]},"8":{"loc":{"start":{"line":123,"column":8},"end":{"line":125,"column":9}},"type":"if","locations":[{"start":{"line":123,"column":8},"end":{"line":125,"column":9}},{"start":{"line":123,"column":8},"end":{"line":125,"column":9}}]},"9":{"loc":{"start":{"line":128,"column":31},"end":{"line":128,"column":37}},"type":"binary-expr","locations":[{"start":{"line":128,"column":31},"end":{"line":128,"column":37}},{"start":{"line":128,"column":41},"end":{"line":128,"column":52}}]},"10":{"loc":{"start":{"line":129,"column":24},"end":{"line":129,"column":49}},"type":"binary-expr","locations":[{"start":{"line":129,"column":24},"end":{"line":129,"column":49}},{"start":{"line":129,"column":53},"end":{"line":129,"column":67}}]},"11":{"loc":{"start":{"line":137,"column":8},"end":{"line":144,"column":9}},"type":"if","locations":[{"start":{"line":137,"column":8},"end":{"line":144,"column":9}},{"start":{"line":137,"column":8},"end":{"line":144,"column":9}}]},"12":{"loc":{"start":{"line":137,"column":12},"end":{"line":137,"column":19}},"type":"binary-expr","locations":[{"start":{"line":137,"column":12},"end":{"line":137,"column":19}},{"start":{"line":137,"column":23},"end":{"line":137,"column":38}}]},"13":{"loc":{"start":{"line":142,"column":15},"end":{"line":144,"column":9}},"type":"if","locations":[{"start":{"line":142,"column":15},"end":{"line":144,"column":9}},{"start":{"line":142,"column":15},"end":{"line":144,"column":9}}]},"14":{"loc":{"start":{"line":147,"column":37},"end":{"line":147,"column":52}},"type":"binary-expr","locations":[{"start":{"line":147,"column":37},"end":{"line":147,"column":52}},{"start":{"line":147,"column":57},"end":{"line":147,"column":85}}]},"15":{"loc":{"start":{"line":151,"column":8},"end":{"line":153,"column":9}},"type":"if","locations":[{"start":{"line":151,"column":8},"end":{"line":153,"column":9}},{"start":{"line":151,"column":8},"end":{"line":153,"column":9}}]},"16":{"loc":{"start":{"line":152,"column":81},"end":{"line":152,"column":91}},"type":"binary-expr","locations":[{"start":{"line":152,"column":81},"end":{"line":152,"column":91}},{"start":{"line":152,"column":95},"end":{"line":152,"column":112}},{"start":{"line":152,"column":116},"end":{"line":152,"column":118}}]},"17":{"loc":{"start":{"line":158,"column":16},"end":{"line":158,"column":33}},"type":"binary-expr","locations":[{"start":{"line":158,"column":16},"end":{"line":158,"column":33}},{"start":{"line":158,"column":37},"end":{"line":158,"column":61}},{"start":{"line":158,"column":65},"end":{"line":158,"column":67}}]},"18":{"loc":{"start":{"line":183,"column":8},"end":{"line":185,"column":9}},"type":"if","locations":[{"start":{"line":183,"column":8},"end":{"line":185,"column":9}},{"start":{"line":183,"column":8},"end":{"line":185,"column":9}}]},"19":{"loc":{"start":{"line":183,"column":12},"end":{"line":183,"column":19}},"type":"binary-expr","locations":[{"start":{"line":183,"column":12},"end":{"line":183,"column":19}},{"start":{"line":183,"column":23},"end":{"line":183,"column":50}}]},"20":{"loc":{"start":{"line":191,"column":17},"end":{"line":191,"column":31}},"type":"if","locations":[{"start":{"line":191,"column":17},"end":{"line":191,"column":31}},{"start":{"line":191,"column":17},"end":{"line":191,"column":31}}]},"21":{"loc":{"start":{"line":199,"column":12},"end":{"line":201,"column":13}},"type":"if","locations":[{"start":{"line":199,"column":12},"end":{"line":201,"column":13}},{"start":{"line":199,"column":12},"end":{"line":201,"column":13}}]},"22":{"loc":{"start":{"line":219,"column":85},"end":{"line":219,"column":109}},"type":"binary-expr","locations":[{"start":{"line":219,"column":85},"end":{"line":219,"column":109}},{"start":{"line":219,"column":113},"end":{"line":219,"column":131}},{"start":{"line":219,"column":135},"end":{"line":219,"column":137}}]},"23":{"loc":{"start":{"line":221,"column":29},"end":{"line":221,"column":65}},"type":"cond-expr","locations":[{"start":{"line":221,"column":29},"end":{"line":221,"column":65}},{"start":{"line":221,"column":68},"end":{"line":221,"column":85}}]},"24":{"loc":{"start":{"line":223,"column":49},"end":{"line":223,"column":66}},"type":"binary-expr","locations":[{"start":{"line":223,"column":49},"end":{"line":223,"column":66}},{"start":{"line":223,"column":71},"end":{"line":223,"column":131}}]},"25":{"loc":{"start":{"line":223,"column":83},"end":{"line":223,"column":111}},"type":"cond-expr","locations":[{"start":{"line":223,"column":83},"end":{"line":223,"column":111}},{"start":{"line":223,"column":114},"end":{"line":223,"column":131}}]},"26":{"loc":{"start":{"line":226,"column":8},"end":{"line":229,"column":9}},"type":"if","locations":[{"start":{"line":226,"column":8},"end":{"line":229,"column":9}},{"start":{"line":226,"column":8},"end":{"line":229,"column":9}}]},"27":{"loc":{"start":{"line":231,"column":8},"end":{"line":248,"column":9}},"type":"if","locations":[{"start":{"line":231,"column":8},"end":{"line":248,"column":9}},{"start":{"line":231,"column":8},"end":{"line":248,"column":9}}]},"28":{"loc":{"start":{"line":231,"column":12},"end":{"line":231,"column":28}},"type":"binary-expr","locations":[{"start":{"line":231,"column":12},"end":{"line":231,"column":28}},{"start":{"line":231,"column":32},"end":{"line":231,"column":51}}]},"29":{"loc":{"start":{"line":232,"column":12},"end":{"line":247,"column":13}},"type":"if","locations":[{"start":{"line":232,"column":12},"end":{"line":247,"column":13}},{"start":{"line":232,"column":12},"end":{"line":247,"column":13}}]},"30":{"loc":{"start":{"line":237,"column":16},"end":{"line":246,"column":17}},"type":"if","locations":[{"start":{"line":237,"column":16},"end":{"line":246,"column":17}},{"start":{"line":237,"column":16},"end":{"line":246,"column":17}}]},"31":{"loc":{"start":{"line":252,"column":8},"end":{"line":254,"column":9}},"type":"if","locations":[{"start":{"line":252,"column":8},"end":{"line":254,"column":9}},{"start":{"line":252,"column":8},"end":{"line":254,"column":9}}]},"32":{"loc":{"start":{"line":256,"column":8},"end":{"line":265,"column":9}},"type":"if","locations":[{"start":{"line":256,"column":8},"end":{"line":265,"column":9}},{"start":{"line":256,"column":8},"end":{"line":265,"column":9}}]},"33":{"loc":{"start":{"line":258,"column":15},"end":{"line":265,"column":9}},"type":"if","locations":[{"start":{"line":258,"column":15},"end":{"line":265,"column":9}},{"start":{"line":258,"column":15},"end":{"line":265,"column":9}}]},"34":{"loc":{"start":{"line":263,"column":15},"end":{"line":265,"column":9}},"type":"if","locations":[{"start":{"line":263,"column":15},"end":{"line":265,"column":9}},{"start":{"line":263,"column":15},"end":{"line":265,"column":9}}]},"35":{"loc":{"start":{"line":267,"column":8},"end":{"line":269,"column":9}},"type":"if","locations":[{"start":{"line":267,"column":8},"end":{"line":269,"column":9}},{"start":{"line":267,"column":8},"end":{"line":269,"column":9}}]},"36":{"loc":{"start":{"line":275,"column":22},"end":{"line":275,"column":31}},"type":"binary-expr","locations":[{"start":{"line":275,"column":22},"end":{"line":275,"column":31}},{"start":{"line":275,"column":35},"end":{"line":275,"column":55}}]},"37":{"loc":{"start":{"line":276,"column":8},"end":{"line":287,"column":9}},"type":"if","locations":[{"start":{"line":276,"column":8},"end":{"line":287,"column":9}},{"start":{"line":276,"column":8},"end":{"line":287,"column":9}}]},"38":{"loc":{"start":{"line":306,"column":22},"end":{"line":306,"column":30}},"type":"binary-expr","locations":[{"start":{"line":306,"column":22},"end":{"line":306,"column":30}},{"start":{"line":306,"column":34},"end":{"line":306,"column":49}}]},"39":{"loc":{"start":{"line":307,"column":21},"end":{"line":307,"column":28}},"type":"binary-expr","locations":[{"start":{"line":307,"column":21},"end":{"line":307,"column":28}},{"start":{"line":307,"column":32},"end":{"line":307,"column":50}}]},"40":{"loc":{"start":{"line":206,"column":8},"end":{"line":209,"column":9}},"type":"if","locations":[{"start":{"line":206,"column":8},"end":{"line":209,"column":9}},{"start":{"line":206,"column":8},"end":{"line":209,"column":9}}]},"41":{"loc":{"start":{"line":215,"column":8},"end":{"line":217,"column":9}},"type":"if","locations":[{"start":{"line":215,"column":8},"end":{"line":217,"column":9}},{"start":{"line":215,"column":8},"end":{"line":217,"column":9}}]},"42":{"loc":{"start":{"line":82,"column":8},"end":{"line":106,"column":9}},"type":"if","locations":[{"start":{"line":82,"column":8},"end":{"line":106,"column":9}},{"start":{"line":82,"column":8},"end":{"line":106,"column":9}}]},"43":{"loc":{"start":{"line":86,"column":16},"end":{"line":103,"column":17}},"type":"if","locations":[{"start":{"line":86,"column":16},"end":{"line":103,"column":17}},{"start":{"line":86,"column":16},"end":{"line":103,"column":17}}]},"44":{"loc":{"start":{"line":89,"column":24},"end":{"line":94,"column":25}},"type":"if","locations":[{"start":{"line":89,"column":24},"end":{"line":94,"column":25}},{"start":{"line":89,"column":24},"end":{"line":94,"column":25}}]},"45":{"loc":{"start":{"line":97,"column":20},"end":{"line":102,"column":21}},"type":"if","locations":[{"start":{"line":97,"column":20},"end":{"line":102,"column":21}},{"start":{"line":97,"column":20},"end":{"line":102,"column":21}}]},"46":{"loc":{"start":{"line":165,"column":31},"end":{"line":165,"column":41}},"type":"binary-expr","locations":[{"start":{"line":165,"column":31},"end":{"line":165,"column":41}},{"start":{"line":165,"column":45},"end":{"line":165,"column":66}}]},"47":{"loc":{"start":{"line":166,"column":8},"end":{"line":168,"column":9}},"type":"if","locations":[{"start":{"line":166,"column":8},"end":{"line":168,"column":9}},{"start":{"line":166,"column":8},"end":{"line":168,"column":9}}]},"48":{"loc":{"start":{"line":170,"column":12},"end":{"line":170,"column":40}},"type":"if","locations":[{"start":{"line":170,"column":12},"end":{"line":170,"column":40}},{"start":{"line":170,"column":12},"end":{"line":170,"column":40}}]},"49":{"loc":{"start":{"line":172,"column":12},"end":{"line":175,"column":13}},"type":"if","locations":[{"start":{"line":172,"column":12},"end":{"line":175,"column":13}},{"start":{"line":172,"column":12},"end":{"line":175,"column":13}}]},"50":{"loc":{"start":{"line":173,"column":46},"end":{"line":173,"column":50}},"type":"cond-expr","locations":[{"start":{"line":173,"column":46},"end":{"line":173,"column":50}},{"start":{"line":173,"column":53},"end":{"line":173,"column":61}}]}},"s":{"0":1,"1":1,"2":1,"3":1,"4":1,"5":0,"6":0,"7":0,"8":0,"9":0,"10":1,"11":5,"12":5,"13":3,"14":3,"15":2,"16":1,"17":1,"18":1,"19":1,"20":1,"21":1,"22":1,"23":1,"24":1,"25":0,"26":1,"27":0,"28":0,"29":1,"30":1,"31":1,"32":0,"33":0,"34":0,"35":1,"36":1,"37":0,"38":0,"39":0,"40":0,"41":0,"42":0,"43":0,"44":0,"45":1,"46":1,"47":0,"48":0,"49":0,"50":0,"51":1,"52":0,"53":0,"54":0,"55":0,"56":0,"57":0,"58":0,"59":0,"60":0,"61":1,"62":0,"63":1,"64":3,"65":1,"66":3,"67":1,"68":0,"69":0,"70":0,"71":0,"72":0,"73":0,"74":0,"75":0,"76":0,"77":0,"78":1,"79":0,"80":0,"81":0,"82":0,"83":0,"84":0,"85":0,"86":0,"87":0,"88":0,"89":0,"90":0,"91":0,"92":1,"93":0,"94":0,"95":0,"96":0,"97":0,"98":0,"99":0,"100":0,"101":0,"102":0,"103":1,"104":1,"105":1,"106":1,"107":1,"108":1,"109":1,"110":0,"111":0,"112":0,"113":1,"114":1,"115":1,"116":0,"117":1,"118":1,"119":1,"120":1,"121":1,"122":1,"123":1,"124":1,"125":1,"126":1,"127":1,"128":1,"129":1,"130":1,"131":1,"132":5,"133":4,"134":5,"135":5,"136":5,"137":3,"138":3,"139":5,"140":0,"141":0,"142":5,"143":2,"144":1,"145":1,"146":1,"147":5,"148":1,"149":1,"150":0,"151":0,"152":0,"153":0,"154":0,"155":0,"156":0,"157":0,"158":0,"159":0,"160":0,"161":0,"162":0,"163":1,"164":1,"165":1},"f":{"0":0,"1":0,"2":5,"3":1,"4":1,"5":1,"6":0,"7":1,"8":0,"9":0,"10":0,"11":0,"12":0,"13":0,"14":0,"15":3,"16":3,"17":0,"18":0,"19":0,"20":0,"21":0,"22":0,"23":0,"24":1,"25":0,"26":1,"27":1,"28":5,"29":5,"30":5,"31":0,"32":0},"b":{"0":[0,0],"1":[0,0,0],"2":[3,0],"3":[1,1],"4":[1,1,1],"5":[1,0],"6":[1,0],"7":[1,1,0],"8":[0,1],"9":[0,0],"10":[0,0],"11":[0,1],"12":[1,1],"13":[1,0],"14":[0,0],"15":[0,0],"16":[0,0,0],"17":[1,1,1],"18":[0,0],"19":[0,0],"20":[0,0],"21":[0,0],"22":[0,0,0],"23":[3,0],"24":[3,3],"25":[3,0],"26":[0,0],"27":[0,0],"28":[0,0],"29":[0,0],"30":[0,0],"31":[0,0],"32":[0,0],"33":[0,0],"34":[0,0],"35":[0,0],"36":[0,0],"37":[0,0],"38":[1,1],"39":[1,1],"40":[0,0],"41":[0,1],"42":[4,1],"43":[3,2],"44":[0,5],"45":[1,1],"46":[0,0],"47":[0,0],"48":[0,0],"49":[0,0],"50":[0,0]}}
,"/Users/ssbeefeater/projects/react-smart-form/src/lib/withFormState.tsx": {"path":"/Users/ssbeefeater/projects/react-smart-form/src/lib/withFormState.tsx","statementMap":{"0":{"start":{"line":1,"column":0},"end":{"line":1,"column":30}},"1":{"start":{"line":2,"column":0},"end":{"line":2,"column":70}},"2":{"start":{"line":5,"column":0},"end":{"line":5,"column":48}},"3":{"start":{"line":5,"column":33},"end":{"line":5,"column":108}},"4":{"start":{"line":5,"column":0},"end":{"line":55,"column":0}},"5":{"start":{"line":6,"column":4},"end":{"line":9,"column":6}},"6":{"start":{"line":23,"column":12},"end":{"line":36,"column":5}},"7":{"start":{"line":24,"column":14},"end":{"line":28,"column":22}},"8":{"start":{"line":25,"column":12},"end":{"line":25,"column":21}},"9":{"start":{"line":26,"column":12},"end":{"line":26,"column":16}},"10":{"start":{"line":27,"column":12},"end":{"line":28,"column":22}},"11":{"start":{"line":30,"column":22},"end":{"line":30,"column":84}},"12":{"start":{"line":32,"column":8},"end":{"line":32,"column":47}},"13":{"start":{"line":33,"column":8},"end":{"line":35,"column":9}},"14":{"start":{"line":34,"column":12},"end":{"line":34,"column":26}},"15":{"start":{"line":11,"column":4},"end":{"line":13,"column":5}},"16":{"start":{"line":12,"column":8},"end":{"line":12,"column":92}},"17":{"start":{"line":15,"column":11},"end":{"line":22,"column":5}},"18":{"start":{"line":16,"column":22},"end":{"line":16,"column":65}},"19":{"start":{"line":17,"column":22},"end":{"line":17,"column":59}},"20":{"start":{"line":18,"column":8},"end":{"line":21,"column":10}},"21":{"start":{"line":37,"column":4},"end":{"line":54,"column":5}},"22":{"start":{"line":39,"column":14},"end":{"line":44,"column":22}},"23":{"start":{"line":40,"column":12},"end":{"line":40,"column":42}},"24":{"start":{"line":41,"column":12},"end":{"line":41,"column":16}},"25":{"start":{"line":42,"column":12},"end":{"line":42,"column":21}},"26":{"start":{"line":43,"column":12},"end":{"line":44,"column":22}},"27":{"start":{"line":46,"column":19},"end":{"line":50,"column":9}},"28":{"start":{"line":51,"column":8},"end":{"line":53,"column":10}},"29":{"start":{"line":55,"column":0},"end":{"line":55,"column":1}},"30":{"start":{"line":59,"column":13},"end":{"line":66,"column":6}},"31":{"start":{"line":60,"column":84},"end":{"line":66,"column":5}},"32":{"start":{"line":60,"column":95},"end":{"line":66,"column":5}},"33":{"start":{"line":63,"column":30},"end":{"line":63,"column":70}},"34":{"start":{"line":68,"column":13},"end":{"line":68,"column":98}},"35":{"start":{"line":70,"column":13},"end":{"line":70,"column":129}},"36":{"start":{"line":70,"column":66},"end":{"line":70,"column":128}},"37":{"start":{"line":70,"column":82},"end":{"line":70,"column":128}}},"fnMap":{"0":{"name":"(anonymous_9)","decl":{"start":{"line":5,"column":0},"end":{"line":null,"column":-1}},"loc":{"start":{"line":5,"column":0},"end":{"line":5,"column":-1}}},"1":{"name":"(anonymous_11)","decl":{"start":{"line":23,"column":23},"end":{"line":23,"column":23}},"loc":{"start":{"line":23,"column":52},"end":{"line":36,"column":5}}},"2":{"name":"(anonymous_12)","decl":{"start":{"line":11,"column":4},"end":{"line":11,"column":25}},"loc":{"start":{"line":11,"column":56},"end":{"line":13,"column":5}}},"3":{"name":"(anonymous_13)","decl":{"start":{"line":15,"column":4},"end":{"line":15,"column":35}},"loc":{"start":{"line":15,"column":73},"end":{"line":22,"column":5}}},"4":{"name":"(anonymous_14)","decl":{"start":{"line":37,"column":4},"end":{"line":null,"column":-1}},"loc":{"start":{"line":37,"column":4},"end":{"line":54,"column":5}}},"5":{"name":"(anonymous_15)","decl":{"start":{"line":60,"column":69},"end":{"line":60,"column":69}},"loc":{"start":{"line":60,"column":79},"end":{"line":66,"column":5}}},"6":{"name":"(anonymous_16)","decl":{"start":{"line":60,"column":84},"end":{"line":60,"column":84}},"loc":{"start":{"line":60,"column":90},"end":{"line":66,"column":5}}},"7":{"name":"(anonymous_17)","decl":{"start":{"line":63,"column":16},"end":{"line":63,"column":16}},"loc":{"start":{"line":63,"column":25},"end":{"line":63,"column":70}}},"8":{"name":"(anonymous_18)","decl":{"start":{"line":70,"column":30},"end":{"line":70,"column":30}},"loc":{"start":{"line":70,"column":61},"end":{"line":70,"column":128}}},"9":{"name":"(anonymous_19)","decl":{"start":{"line":70,"column":66},"end":{"line":70,"column":66}},"loc":{"start":{"line":70,"column":77},"end":{"line":70,"column":128}}}},"branchMap":{"0":{"loc":{"start":{"line":5,"column":0},"end":{"line":55,"column":0}},"type":"binary-expr","locations":[{"start":{"line":5,"column":0},"end":{"line":55,"column":0}},{"start":{"line":5,"column":0},"end":{"line":55,"column":0}},{"start":{"line":5,"column":0},"end":{"line":55,"column":0}}]},"1":{"loc":{"start":{"line":30,"column":62},"end":{"line":30,"column":78}},"type":"cond-expr","locations":[{"start":{"line":30,"column":62},"end":{"line":30,"column":78}},{"start":{"line":30,"column":81},"end":{"line":30,"column":84}}]},"2":{"loc":{"start":{"line":30,"column":22},"end":{"line":30,"column":45}},"type":"binary-expr","locations":[{"start":{"line":30,"column":22},"end":{"line":30,"column":45}},{"start":{"line":30,"column":49},"end":{"line":30,"column":59}}]},"3":{"loc":{"start":{"line":33,"column":8},"end":{"line":35,"column":9}},"type":"if","locations":[{"start":{"line":33,"column":8},"end":{"line":35,"column":9}},{"start":{"line":33,"column":8},"end":{"line":35,"column":9}}]},"4":{"loc":{"start":{"line":12,"column":15},"end":{"line":12,"column":51}},"type":"binary-expr","locations":[{"start":{"line":12,"column":15},"end":{"line":12,"column":51}},{"start":{"line":12,"column":55},"end":{"line":12,"column":91}}]},"5":{"loc":{"start":{"line":16,"column":22},"end":{"line":16,"column":59}},"type":"binary-expr","locations":[{"start":{"line":16,"column":22},"end":{"line":16,"column":59}},{"start":{"line":16,"column":63},"end":{"line":16,"column":65}}]},"6":{"loc":{"start":{"line":40,"column":12},"end":{"line":40,"column":41}},"type":"cond-expr","locations":[{"start":{"line":40,"column":12},"end":{"line":40,"column":41}},{"start":{"line":40,"column":12},"end":{"line":40,"column":42}}]}},"s":{"0":1,"1":1,"2":1,"3":1,"4":3,"5":3,"6":3,"7":0,"8":0,"9":0,"10":0,"11":0,"12":0,"13":0,"14":0,"15":1,"16":0,"17":1,"18":3,"19":3,"20":3,"21":1,"22":3,"23":6,"24":3,"25":3,"26":3,"27":3,"28":3,"29":1,"30":1,"31":1,"32":3,"33":3,"34":1,"35":1,"36":0,"37":0},"f":{"0":4,"1":0,"2":0,"3":3,"4":3,"5":1,"6":3,"7":3,"8":0,"9":0},"b":{"0":[3,3,3],"1":[0,0],"2":[0,0],"3":[0,0],"4":[0,0],"5":[3,3],"6":[3,0]}}
}
