TN:
SF:/Users/ssbeefeater/projects/react-smart-form/jestSetup.js
FN:9,(anonymous_0)
FN:10,(anonymous_1)
FNF:2
FNH:1
FNDA:36,(anonymous_0)
FNDA:0,(anonymous_1)
DA:1,1
DA:2,1
DA:3,1
DA:5,1
DA:8,1
DA:9,1
DA:10,1
DA:11,0
DA:13,1
DA:14,1
DA:15,1
DA:16,1
LF:12
LH:11
BRF:0
BRH:0
end_of_record
TN:
SF:/Users/ssbeefeater/projects/react-smart-form/src/index.ts
FNF:0
FNH:0
DA:1,1
DA:2,1
LF:2
LH:2
BRF:0
BRH:0
end_of_record
TN:
SF:/Users/ssbeefeater/projects/react-smart-form/src/lib/FormProvider.tsx
FN:11,(anonymous_9)
FN:12,(anonymous_10)
FN:62,(anonymous_11)
FN:72,(anonymous_12)
FN:74,Form
FN:117,(anonymous_14)
FN:127,(anonymous_15)
FN:133,(anonymous_16)
FN:138,(anonymous_17)
FN:145,(anonymous_18)
FN:182,(anonymous_19)
FN:191,(anonymous_20)
FN:193,(anonymous_21)
FN:195,(anonymous_22)
FN:219,(anonymous_23)
FN:220,(anonymous_24)
FN:223,(anonymous_25)
FN:225,(anonymous_26)
FN:241,(anonymous_27)
FN:251,(anonymous_28)
FN:259,(anonymous_29)
FN:272,(anonymous_30)
FN:277,(anonymous_31)
FN:283,(anonymous_32)
FN:291,(anonymous_33)
FN:205,(anonymous_34)
FN:211,(anonymous_35)
FN:312,(anonymous_36)
FN:81,(anonymous_37)
FN:83,(anonymous_38)
FN:88,(anonymous_39)
FN:163,(anonymous_40)
FN:169,(anonymous_41)
FNF:33
FNH:13
FNDA:0,(anonymous_9)
FNDA:0,(anonymous_10)
FNDA:5,(anonymous_11)
FNDA:1,(anonymous_12)
FNDA:1,Form
FNDA:1,(anonymous_14)
FNDA:0,(anonymous_15)
FNDA:1,(anonymous_16)
FNDA:0,(anonymous_17)
FNDA:0,(anonymous_18)
FNDA:0,(anonymous_19)
FNDA:0,(anonymous_20)
FNDA:0,(anonymous_21)
FNDA:0,(anonymous_22)
FNDA:0,(anonymous_23)
FNDA:3,(anonymous_24)
FNDA:3,(anonymous_25)
FNDA:0,(anonymous_26)
FNDA:0,(anonymous_27)
FNDA:0,(anonymous_28)
FNDA:0,(anonymous_29)
FNDA:0,(anonymous_30)
FNDA:0,(anonymous_31)
FNDA:0,(anonymous_32)
FNDA:1,(anonymous_33)
FNDA:0,(anonymous_34)
FNDA:1,(anonymous_35)
FNDA:1,(anonymous_36)
FNDA:5,(anonymous_37)
FNDA:5,(anonymous_38)
FNDA:5,(anonymous_39)
FNDA:0,(anonymous_40)
FNDA:0,(anonymous_41)
DA:1,1
DA:2,1
DA:4,1
DA:6,1
DA:11,1
DA:12,0
DA:13,0
DA:14,0
DA:15,0
DA:17,0
DA:62,1
DA:63,5
DA:64,5
DA:65,3
DA:66,3
DA:70,2
DA:72,1
DA:75,1
DA:76,1
DA:81,1
DA:82,5
DA:83,4
DA:84,5
DA:85,5
DA:86,5
DA:87,3
DA:88,3
DA:89,5
DA:90,0
DA:91,0
DA:93,5
DA:97,2
DA:98,1
DA:99,1
DA:101,1
DA:104,5
DA:107,1
DA:110,1
DA:112,1
DA:117,1
DA:119,1
DA:122,1
DA:123,1
DA:124,0
DA:126,1
DA:128,0
DA:129,0
DA:133,1
DA:135,1
DA:137,1
DA:138,0
DA:139,0
DA:140,0
DA:142,1
DA:143,1
DA:145,0
DA:146,0
DA:147,0
DA:148,0
DA:149,0
DA:151,0
DA:152,0
DA:154,0
DA:157,1
DA:163,1
DA:164,0
DA:165,0
DA:166,0
DA:167,0
DA:169,0
DA:170,0
DA:171,0
DA:172,0
DA:173,0
DA:174,0
DA:176,0
DA:178,0
DA:182,1
DA:183,0
DA:184,0
DA:186,0
DA:187,0
DA:191,1
DA:192,0
DA:193,0
DA:194,0
DA:195,0
DA:197,0
DA:199,0
DA:200,0
DA:205,1
DA:206,0
DA:207,0
DA:208,0
DA:211,1
DA:213,1
DA:215,1
DA:216,0
DA:219,1
DA:220,1
DA:221,3
DA:223,3
DA:225,1
DA:226,0
DA:227,0
DA:228,0
DA:231,0
DA:232,0
DA:233,0
DA:237,0
DA:238,0
DA:241,0
DA:242,0
DA:251,1
DA:252,0
DA:253,0
DA:256,0
DA:257,0
DA:258,0
DA:259,0
DA:260,0
DA:261,0
DA:263,0
DA:264,0
DA:266,0
DA:267,0
DA:268,0
DA:272,1
DA:273,0
DA:274,0
DA:275,0
DA:276,0
DA:277,0
DA:278,0
DA:283,0
DA:284,0
DA:285,0
DA:288,0
DA:291,1
DA:292,1
DA:293,1
DA:294,1
DA:297,1
DA:312,1
DA:313,1
DA:314,1
DA:315,1
DA:316,1
DA:317,1
DA:318,1
DA:319,1
DA:320,1
DA:321,1
DA:322,1
DA:323,1
DA:324,1
DA:326,1
DA:334,1
DA:336,1
LF:159
LH:78
BRDA:14,0,0,0
BRDA:14,0,1,0
BRDA:14,1,0,0
BRDA:14,1,1,0
BRDA:14,1,2,0
BRDA:65,2,0,3
BRDA:65,2,1,0
BRDA:75,3,0,1
BRDA:75,3,1,1
BRDA:110,4,0,1
BRDA:110,4,1,1
BRDA:110,4,2,1
BRDA:113,5,0,1
BRDA:113,5,1,0
BRDA:119,6,0,1
BRDA:119,6,1,0
BRDA:122,7,0,1
BRDA:122,7,1,1
BRDA:122,7,2,0
BRDA:123,8,0,0
BRDA:123,8,1,1
BRDA:128,9,0,0
BRDA:128,9,1,0
BRDA:129,10,0,0
BRDA:129,10,1,0
BRDA:137,11,0,0
BRDA:137,11,1,1
BRDA:137,12,0,1
BRDA:137,12,1,1
BRDA:142,13,0,1
BRDA:142,13,1,0
BRDA:147,14,0,0
BRDA:147,14,1,0
BRDA:151,15,0,0
BRDA:151,15,1,0
BRDA:152,16,0,0
BRDA:152,16,1,0
BRDA:152,16,2,0
BRDA:158,17,0,1
BRDA:158,17,1,1
BRDA:158,17,2,1
BRDA:183,18,0,0
BRDA:183,18,1,0
BRDA:183,19,0,0
BRDA:183,19,1,0
BRDA:191,20,0,0
BRDA:191,20,1,0
BRDA:199,21,0,0
BRDA:199,21,1,0
BRDA:219,22,0,0
BRDA:219,22,1,0
BRDA:219,22,2,0
BRDA:221,23,0,3
BRDA:221,23,1,0
BRDA:223,24,0,3
BRDA:223,24,1,3
BRDA:223,25,0,3
BRDA:223,25,1,0
BRDA:226,26,0,0
BRDA:226,26,1,0
BRDA:231,27,0,0
BRDA:231,27,1,0
BRDA:231,28,0,0
BRDA:231,28,1,0
BRDA:232,29,0,0
BRDA:232,29,1,0
BRDA:237,30,0,0
BRDA:237,30,1,0
BRDA:252,31,0,0
BRDA:252,31,1,0
BRDA:256,32,0,0
BRDA:256,32,1,0
BRDA:258,33,0,0
BRDA:258,33,1,0
BRDA:263,34,0,0
BRDA:263,34,1,0
BRDA:267,35,0,0
BRDA:267,35,1,0
BRDA:275,36,0,0
BRDA:275,36,1,0
BRDA:276,37,0,0
BRDA:276,37,1,0
BRDA:306,38,0,1
BRDA:306,38,1,1
BRDA:307,39,0,1
BRDA:307,39,1,1
BRDA:206,40,0,0
BRDA:206,40,1,0
BRDA:215,41,0,0
BRDA:215,41,1,1
BRDA:82,42,0,4
BRDA:82,42,1,1
BRDA:86,43,0,3
BRDA:86,43,1,2
BRDA:89,44,0,0
BRDA:89,44,1,5
BRDA:97,45,0,1
BRDA:97,45,1,1
BRDA:165,46,0,0
BRDA:165,46,1,0
BRDA:166,47,0,0
BRDA:166,47,1,0
BRDA:170,48,0,0
BRDA:170,48,1,0
BRDA:172,49,0,0
BRDA:172,49,1,0
BRDA:173,50,0,0
BRDA:173,50,1,0
BRF:108
BRH:34
end_of_record
TN:
SF:/Users/ssbeefeater/projects/react-smart-form/src/lib/withFormState.tsx
FN:5,(anonymous_9)
FN:23,(anonymous_11)
FN:11,(anonymous_12)
FN:15,(anonymous_13)
FN:37,(anonymous_14)
FN:60,(anonymous_15)
FN:60,(anonymous_16)
FN:63,(anonymous_17)
FN:70,(anonymous_18)
FN:70,(anonymous_19)
FNF:10
FNH:6
FNDA:4,(anonymous_9)
FNDA:0,(anonymous_11)
FNDA:0,(anonymous_12)
FNDA:3,(anonymous_13)
FNDA:3,(anonymous_14)
FNDA:1,(anonymous_15)
FNDA:3,(anonymous_16)
FNDA:3,(anonymous_17)
FNDA:0,(anonymous_18)
FNDA:0,(anonymous_19)
DA:1,1
DA:2,1
DA:5,3
DA:6,3
DA:11,1
DA:12,0
DA:15,1
DA:16,3
DA:17,3
DA:18,3
DA:23,3
DA:24,0
DA:25,0
DA:26,0
DA:27,0
DA:30,0
DA:32,0
DA:33,0
DA:34,0
DA:37,1
DA:39,3
DA:40,6
DA:41,3
DA:42,3
DA:43,3
DA:46,3
DA:51,3
DA:55,1
DA:59,1
DA:60,3
DA:63,3
DA:68,1
DA:70,1
LF:33
LH:24
BRDA:5,0,0,3
BRDA:5,0,1,3
BRDA:5,0,2,3
BRDA:30,1,0,0
BRDA:30,1,1,0
BRDA:30,2,0,0
BRDA:30,2,1,0
BRDA:33,3,0,0
BRDA:33,3,1,0
BRDA:12,4,0,0
BRDA:12,4,1,0
BRDA:16,5,0,3
BRDA:16,5,1,3
BRDA:40,6,0,3
BRDA:40,6,1,0
BRF:15
BRH:6
end_of_record
